  viewer.cpp
D:\STUDY\MIPT\4_SEM\PROGA\4sem\Agario\shared\source\viewer.cpp(32,44): warning C4244: 'argument': conversion from 'int' to 'float', possible loss of data
  world.cpp
D:\STUDY\MIPT\4_SEM\PROGA\4sem\Agario\shared\source\world.cpp(30,19): warning C4244: 'initializing': conversion from '_Rep' to 'unsigned int', possible loss of data
          with
          [
              _Rep=__int64
          ]
D:\STUDY\MIPT\4_SEM\PROGA\4sem\Agario\shared\source\world.cpp(32,108): warning C4244: 'argument': conversion from 'double' to '_Ty', possible loss of data
          with
          [
              _Ty=float
          ]
D:\STUDY\MIPT\4_SEM\PROGA\4sem\Agario\shared\source\world.cpp(32,79): warning C4244: 'argument': conversion from 'double' to '_Ty', possible loss of data
          with
          [
              _Ty=float
          ]
D:\STUDY\MIPT\4_SEM\PROGA\4sem\Agario\shared\source\world.cpp(33,108): warning C4244: 'argument': conversion from 'double' to '_Ty', possible loss of data
          with
          [
              _Ty=float
          ]
D:\STUDY\MIPT\4_SEM\PROGA\4sem\Agario\shared\source\world.cpp(33,79): warning C4244: 'argument': conversion from 'double' to '_Ty', possible loss of data
          with
          [
              _Ty=float
          ]
  client.cpp
  main.cpp
  Generating code
  376 of 376 functions (100.0%) were compiled.
    366 functions were new in current compilation
    0 functions had inline decision re-evaluated but remain unchanged
  Finished generating code
  Client.vcxproj -> D:\STUDY\MIPT\4_SEM\PROGA\4sem\Agario\bin\Release\Client.exe
